<?xml version="1.0" encoding="UTF-8"?>
<testsuite name="com.mobclaw.android.dispatcher.JsonActionDispatcherTest" tests="6" skipped="0" failures="0" errors="0" timestamp="2026-07-16T06:40:57" hostname="inspiron-gnmd" time="0.008">
  <properties/>
  <testcase name="formatResults_and_promptInstructions_coverOutput" classname="com.mobclaw.android.dispatcher.JsonActionDispatcherTest" time="0.001"/>
  <testcase name="parseResponse_withNativeToolCalls_returnsParsedActionsAndText" classname="com.mobclaw.android.dispatcher.JsonActionDispatcherTest" time="0.0"/>
  <testcase name="parseResponse_withXmlFallback_parsesMultipleCallsAndRetainsReasoningText" classname="com.mobclaw.android.dispatcher.JsonActionDispatcherTest" time="0.004"/>
  <testcase name="parseResponse_withMalformedXmlCall_skipsCallAndKeepsSurroundingText" classname="com.mobclaw.android.dispatcher.JsonActionDispatcherTest" time="0.001"/>
  <testcase name="toProviderMessages_mapsConversationTypes" classname="com.mobclaw.android.dispatcher.JsonActionDispatcherTest" time="0.001"/>
  <testcase name="parseResponse_withMalformedNativeArguments_returnsEmptyArgumentObject" classname="com.mobclaw.android.dispatcher.JsonActionDispatcherTest" time="0.0"/>
  <system-out><![CDATA[]]></system-out>
  <system-err><![CDATA[]]></system-err>
</testsuite>
