<?xml version="1.0" encoding="UTF-8"?>
<testsuite name="com.mobclaw.android.tool.LoopContextTest" tests="8" skipped="0" failures="0" errors="0" timestamp="2026-07-16T06:40:58" hostname="inspiron-gnmd" time="0.009">
  <properties/>
  <testcase name="statusText_emptyWhenInactive" classname="com.mobclaw.android.tool.LoopContextTest" time="0.001"/>
  <testcase name="reset_clearsEverything" classname="com.mobclaw.android.tool.LoopContextTest" time="0.0"/>
  <testcase name="statusText_showsProgressWhenActive" classname="com.mobclaw.android.tool.LoopContextTest" time="0.005"/>
  <testcase name="start_setsInitialState" classname="com.mobclaw.android.tool.LoopContextTest" time="0.001"/>
  <testcase name="next_returnsFalseWhenInactive" classname="com.mobclaw.android.tool.LoopContextTest" time="0.0"/>
  <testcase name="next_advancesIteration" classname="com.mobclaw.android.tool.LoopContextTest" time="0.0"/>
  <testcase name="done_deactivatesLoop" classname="com.mobclaw.android.tool.LoopContextTest" time="0.0"/>
  <testcase name="singleIterationLoop_completesCorrectly" classname="com.mobclaw.android.tool.LoopContextTest" time="0.0"/>
  <system-out><![CDATA[]]></system-out>
  <system-err><![CDATA[]]></system-err>
</testsuite>
