<?xml version="1.0" encoding="UTF-8"?>
<testsuite name="com.mobclaw.android.tool.RepeatToolTest" tests="9" skipped="0" failures="0" errors="0" timestamp="2026-07-16T06:40:58" hostname="inspiron-gnmd" time="0.016">
  <properties/>
  <testcase name="repeat_rejectsExcessiveCount" classname="com.mobclaw.android.tool.RepeatToolTest" time="0.001"/>
  <testcase name="repeatDone_handlesNoActiveLoop" classname="com.mobclaw.android.tool.RepeatToolTest" time="0.001"/>
  <testcase name="repeatDone_endsActiveLoop" classname="com.mobclaw.android.tool.RepeatToolTest" time="0.001"/>
  <testcase name="repeatNext_completesOnLastIteration" classname="com.mobclaw.android.tool.RepeatToolTest" time="0.005"/>
  <testcase name="repeat_startsLoopWithCorrectState" classname="com.mobclaw.android.tool.RepeatToolTest" time="0.004"/>
  <testcase name="repeatNext_failsWithNoActiveLoop" classname="com.mobclaw.android.tool.RepeatToolTest" time="0.001"/>
  <testcase name="repeat_rejectsZeroCount" classname="com.mobclaw.android.tool.RepeatToolTest" time="0.001"/>
  <testcase name="repeat_requiresParameters" classname="com.mobclaw.android.tool.RepeatToolTest" time="0.001"/>
  <testcase name="repeatNext_advancesAndReportsStatus" classname="com.mobclaw.android.tool.RepeatToolTest" time="0.0"/>
  <system-out><![CDATA[]]></system-out>
  <system-err><![CDATA[]]></system-err>
</testsuite>
