<?xml version="1.0" encoding="UTF-8"?>
<testsuite name="com.mobclaw.android.model.ScreenStateTest" tests="3" skipped="0" failures="0" errors="0" timestamp="2026-07-16T06:40:57" hostname="inspiron-gnmd" time="0.021">
  <properties/>
  <testcase name="toPromptText_formatsCheckboxState" classname="com.mobclaw.android.model.ScreenStateTest" time="0.019"/>
  <testcase name="toPromptText_includesVisibleNodeDetailsAndSkipsInvisibleNodes" classname="com.mobclaw.android.model.ScreenStateTest" time="0.001"/>
  <testcase name="foregroundInfo_detectsMobClaw" classname="com.mobclaw.android.model.ScreenStateTest" time="0.001"/>
  <system-out><![CDATA[]]></system-out>
  <system-err><![CDATA[]]></system-err>
</testsuite>
